<?xml version="1.0" encoding="UTF-8"?>
<testsuites>
  <testsuite name="Tempest Test Suite" tests="8" assertions="22" failures="0" errors="0" time="0.010884">
    <testsuite name="DITest" file="D:\Web\wwwmy\Tempest\tests\cases\DITest.php" tests="1" assertions="3" failures="0" errors="0" time="0.001580">
      <testcase name="testGetSetServices" class="DITest" file="D:\Web\wwwmy\Tempest\tests\cases\DITest.php" line="11" assertions="3" time="0.001580"/>
    </testsuite>
    <testsuite name="ExampleTest" file="D:\Web\wwwmy\Tempest\tests\cases\ExampleTest.php" tests="1" assertions="1" failures="0" errors="0" time="0.004226">
      <testcase name="testHelloWorld" class="ExampleTest" file="D:\Web\wwwmy\Tempest\tests\cases\ExampleTest.php" line="10" assertions="1" time="0.004226"/>
    </testsuite>
    <testsuite name="RequestTest" file="D:\Web\wwwmy\Tempest\tests\cases\RequestTest.php" tests="1" assertions="4" failures="0" errors="0" time="0.000957">
      <testcase name="testSimple" class="RequestTest" file="D:\Web\wwwmy\Tempest\tests\cases\RequestTest.php" line="11" assertions="4" time="0.000957"/>
    </testsuite>
    <testsuite name="RouteTest" file="D:\Web\wwwmy\Tempest\tests\cases\RouteTest.php" fullPackage="Tempest" package="Tempest" tests="2" assertions="7" failures="0" errors="0" time="0.001162">
      <testcase name="testGettersSetters" class="RouteTest" file="D:\Web\wwwmy\Tempest\tests\cases\RouteTest.php" line="18" assertions="2" time="0.000623"/>
      <testcase name="testRegexp" class="RouteTest" file="D:\Web\wwwmy\Tempest\tests\cases\RouteTest.php" line="28" assertions="5" time="0.000539"/>
    </testsuite>
    <testsuite name="RouterTest" file="D:\Web\wwwmy\Tempest\tests\cases\RouterTest.php" fullPackage="Tempest" package="Tempest" tests="3" assertions="7" failures="0" errors="0" time="0.002959">
      <testcase name="testTypes" class="RouterTest" file="D:\Web\wwwmy\Tempest\tests\cases\RouterTest.php" line="28" assertions="0" time="0.000062"/>
      <testcase name="testMatches" class="RouterTest" file="D:\Web\wwwmy\Tempest\tests\cases\RouterTest.php" line="32" assertions="6" time="0.002307"/>
      <testcase name="testExceptions" class="RouterTest" file="D:\Web\wwwmy\Tempest\tests\cases\RouterTest.php" line="68" assertions="1" time="0.000590"/>
    </testsuite>
  </testsuite>
</testsuites>
