<?xml version="1.0" encoding="UTF-8"?>
<testsuites>
  <testsuite name="Tempest Test Suite" tests="8" assertions="24" failures="0" errors="0" time="0.035839">
    <testsuite name="DITest" file="D:\Web\wwwmy\Tempest\tests\cases\DITest.php" tests="1" assertions="3" failures="0" errors="0" time="0.003323">
      <testcase name="testGetSetServices" class="DITest" file="D:\Web\wwwmy\Tempest\tests\cases\DITest.php" line="11" assertions="3" time="0.003323"/>
    </testsuite>
    <testsuite name="HTMLElementTest" file="D:\Web\wwwmy\Tempest\tests\cases\HTMLElementTest.php" fullPackage="Tempest" package="Tempest" tests="1" assertions="5" failures="0" errors="0" time="0.012706">
      <testcase name="test1" class="HTMLElementTest" file="D:\Web\wwwmy\Tempest\tests\cases\HTMLElementTest.php" line="13" assertions="5" time="0.012706"/>
    </testsuite>
    <testsuite name="RequestTest" file="D:\Web\wwwmy\Tempest\tests\cases\RequestTest.php" tests="1" assertions="2" failures="0" errors="0" time="0.002874">
      <testcase name="testSimple" class="RequestTest" file="D:\Web\wwwmy\Tempest\tests\cases\RequestTest.php" line="5" assertions="2" time="0.002874"/>
    </testsuite>
    <testsuite name="RouteTest" file="D:\Web\wwwmy\Tempest\tests\cases\RouteTest.php" fullPackage="Tempest" package="Tempest" tests="2" assertions="7" failures="0" errors="0" time="0.005986">
      <testcase name="testGettersSetters" class="RouteTest" file="D:\Web\wwwmy\Tempest\tests\cases\RouteTest.php" line="18" assertions="2" time="0.003064"/>
      <testcase name="testRegexp" class="RouteTest" file="D:\Web\wwwmy\Tempest\tests\cases\RouteTest.php" line="28" assertions="5" time="0.002922"/>
    </testsuite>
    <testsuite name="RouterTest" file="D:\Web\wwwmy\Tempest\tests\cases\RouterTest.php" fullPackage="Tempest" package="Tempest" tests="3" assertions="7" failures="0" errors="0" time="0.010950">
      <testcase name="testTypes" class="RouterTest" file="D:\Web\wwwmy\Tempest\tests\cases\RouterTest.php" line="29" assertions="0" time="0.000497"/>
      <testcase name="testMatches" class="RouterTest" file="D:\Web\wwwmy\Tempest\tests\cases\RouterTest.php" line="33" assertions="6" time="0.007935"/>
      <testcase name="testExceptions" class="RouterTest" file="D:\Web\wwwmy\Tempest\tests\cases\RouterTest.php" line="64" assertions="1" time="0.002518"/>
    </testsuite>
  </testsuite>
</testsuites>
